2023-03-14 23:39:58,208 INFO    StreamThr :17676 [internal.py:wandb_internal():87] W&B internal server running at pid: 17676, started at: 2023-03-14 23:39:58.208317
2023-03-14 23:39:58,209 DEBUG   HandlerThread:17676 [handler.py:handle_request():144] handle_request: status
2023-03-14 23:39:58,214 INFO    WriterThread:17676 [datastore.py:open_for_write():85] open: /Users/aneeshaparajit/Desktop/NASSCOM-TAIM/pix2pix_rnn/src/aqiai/notebooks/wandb/run-20230314_233958-0grl3n36/run-0grl3n36.wandb
2023-03-14 23:39:58,215 DEBUG   SenderThread:17676 [sender.py:send():336] send: header
2023-03-14 23:39:58,239 DEBUG   SenderThread:17676 [sender.py:send():336] send: run
2023-03-14 23:39:59,254 INFO    SenderThread:17676 [dir_watcher.py:__init__():219] watching files in: /Users/aneeshaparajit/Desktop/NASSCOM-TAIM/pix2pix_rnn/src/aqiai/notebooks/wandb/run-20230314_233958-0grl3n36/files
2023-03-14 23:39:59,254 INFO    SenderThread:17676 [sender.py:_start_run_threads():1078] run started: 0grl3n36 with start time 1678817398.20684
2023-03-14 23:39:59,255 DEBUG   SenderThread:17676 [sender.py:send_request():363] send_request: summary_record
2023-03-14 23:39:59,255 INFO    SenderThread:17676 [sender.py:_save_file():1332] saving file wandb-summary.json with policy end
2023-03-14 23:39:59,263 DEBUG   HandlerThread:17676 [handler.py:handle_request():144] handle_request: check_version
2023-03-14 23:39:59,263 DEBUG   SenderThread:17676 [sender.py:send_request():363] send_request: check_version
2023-03-14 23:40:00,261 INFO    Thread-13 :17676 [dir_watcher.py:_on_file_created():278] file/dir created: /Users/aneeshaparajit/Desktop/NASSCOM-TAIM/pix2pix_rnn/src/aqiai/notebooks/wandb/run-20230314_233958-0grl3n36/files/wandb-summary.json
2023-03-14 23:40:00,614 DEBUG   HandlerThread:17676 [handler.py:handle_request():144] handle_request: run_start
2023-03-14 23:40:00,628 DEBUG   HandlerThread:17676 [system_info.py:__init__():31] System info init
2023-03-14 23:40:00,629 DEBUG   HandlerThread:17676 [system_info.py:__init__():46] System info init done
2023-03-14 23:40:00,629 INFO    HandlerThread:17676 [system_monitor.py:start():183] Starting system monitor
2023-03-14 23:40:00,629 INFO    SystemMonitor:17676 [system_monitor.py:_start():147] Starting system asset monitoring threads
2023-03-14 23:40:00,629 INFO    HandlerThread:17676 [system_monitor.py:probe():204] Collecting system info
2023-03-14 23:40:00,630 INFO    SystemMonitor:17676 [interfaces.py:start():187] Started cpu monitoring
2023-03-14 23:40:00,630 INFO    SystemMonitor:17676 [interfaces.py:start():187] Started disk monitoring
2023-03-14 23:40:00,630 DEBUG   HandlerThread:17676 [system_info.py:probe():195] Probing system
2023-03-14 23:40:00,632 INFO    SystemMonitor:17676 [interfaces.py:start():187] Started gpuapple monitoring
2023-03-14 23:40:00,635 INFO    SystemMonitor:17676 [interfaces.py:start():187] Started memory monitoring
2023-03-14 23:40:00,636 INFO    SystemMonitor:17676 [interfaces.py:start():187] Started network monitoring
2023-03-14 23:40:00,640 DEBUG   HandlerThread:17676 [system_info.py:_probe_git():180] Probing git
2023-03-14 23:40:00,660 DEBUG   HandlerThread:17676 [system_info.py:_probe_git():188] Probing git done
2023-03-14 23:40:00,661 DEBUG   HandlerThread:17676 [system_info.py:probe():240] Probing system done
2023-03-14 23:40:00,661 DEBUG   HandlerThread:17676 [system_monitor.py:probe():213] {'os': 'macOS-13.0-arm64-arm-64bit', 'python': '3.10.8', 'heartbeatAt': '2023-03-14T18:10:00.633415', 'startedAt': '2023-03-14T18:09:58.185764', 'docker': None, 'cuda': None, 'args': None, 'state': 'running', 'program': 'pix2pix_rnn/src/aqiai/notebooks/aqi.ipynb', 'root': '/Users/aneeshaparajit/Desktop/NASSCOM-TAIM', 'git': {'remote': 'https://github.com/PratikGarai/NASSCOM-TAIM.git', 'commit': '0ba5c45eb0e921c38b5f33f9674123b5cf5b65dc'}, 'email': 'aneeshaparajit.g2002@gmail.com', 'host': 'Aneesh.local', 'username': 'aneeshaparajit', 'executable': '/Users/aneeshaparajit/miniconda3/bin/python', 'cpu_count': 8, 'cpu_count_logical': 8, 'disk': {'total': 926.3517189025879, 'used': 11.055213928222656}, 'gpuapple': {'type': 'arm', 'vendor': 'Apple'}, 'memory': {'total': 16.0}}
2023-03-14 23:40:00,661 INFO    HandlerThread:17676 [system_monitor.py:probe():214] Finished collecting system info
2023-03-14 23:40:00,661 INFO    HandlerThread:17676 [system_monitor.py:probe():217] Publishing system info
2023-03-14 23:40:00,661 DEBUG   HandlerThread:17676 [system_info.py:_save_pip():51] Saving list of pip packages installed into the current environment
2023-03-14 23:40:00,662 DEBUG   HandlerThread:17676 [system_info.py:_save_pip():67] Saving pip packages done
2023-03-14 23:40:00,662 DEBUG   HandlerThread:17676 [system_info.py:_save_conda():74] Saving list of conda packages installed into the current environment
2023-03-14 23:40:01,260 INFO    Thread-13 :17676 [dir_watcher.py:_on_file_created():278] file/dir created: /Users/aneeshaparajit/Desktop/NASSCOM-TAIM/pix2pix_rnn/src/aqiai/notebooks/wandb/run-20230314_233958-0grl3n36/files/requirements.txt
2023-03-14 23:40:01,260 INFO    Thread-13 :17676 [dir_watcher.py:_on_file_created():278] file/dir created: /Users/aneeshaparajit/Desktop/NASSCOM-TAIM/pix2pix_rnn/src/aqiai/notebooks/wandb/run-20230314_233958-0grl3n36/files/conda-environment.yaml
2023-03-14 23:40:10,299 INFO    Thread-13 :17676 [dir_watcher.py:_on_file_modified():295] file/dir modified: /Users/aneeshaparajit/Desktop/NASSCOM-TAIM/pix2pix_rnn/src/aqiai/notebooks/wandb/run-20230314_233958-0grl3n36/files/conda-environment.yaml
2023-03-14 23:40:10,330 DEBUG   HandlerThread:17676 [system_info.py:_save_conda():86] Saving conda packages done
2023-03-14 23:40:10,331 INFO    HandlerThread:17676 [system_monitor.py:probe():219] Finished publishing system info
2023-03-14 23:40:10,337 DEBUG   HandlerThread:17676 [handler.py:handle_request():144] handle_request: status_report
2023-03-14 23:40:10,337 DEBUG   HandlerThread:17676 [handler.py:handle_request():144] handle_request: keepalive
2023-03-14 23:40:10,337 DEBUG   HandlerThread:17676 [handler.py:handle_request():144] handle_request: status_report
2023-03-14 23:40:10,337 DEBUG   SenderThread:17676 [sender.py:send():336] send: files
2023-03-14 23:40:10,337 INFO    SenderThread:17676 [sender.py:_save_file():1332] saving file wandb-metadata.json with policy now
2023-03-14 23:40:10,347 DEBUG   HandlerThread:17676 [handler.py:handle_request():144] handle_request: stop_status
2023-03-14 23:40:10,347 DEBUG   SenderThread:17676 [sender.py:send_request():363] send_request: stop_status
2023-03-14 23:40:10,521 DEBUG   HandlerThread:17676 [handler.py:handle_request():144] handle_request: partial_history
2023-03-14 23:40:10,611 DEBUG   HandlerThread:17676 [handler.py:handle_request():144] handle_request: partial_history
2023-03-14 23:40:10,720 DEBUG   HandlerThread:17676 [handler.py:handle_request():144] handle_request: partial_history
2023-03-14 23:40:10,811 DEBUG   HandlerThread:17676 [handler.py:handle_request():144] handle_request: partial_history
2023-03-14 23:40:10,816 DEBUG   SenderThread:17676 [sender.py:send():336] send: telemetry
2023-03-14 23:40:10,816 DEBUG   SenderThread:17676 [sender.py:send():336] send: telemetry
2023-03-14 23:40:10,817 ERROR   Thread-12 (_thread_body):17676 [step_upload.py:_handle_event():141] Failed to upload file: /var/folders/9c/hg99j16578569gfzb3w5bzdh0000gn/T/tmp74rmnbk4wandb/u00susdy-wandb-metadata.json
Traceback (most recent call last):
  File "/Users/aneeshaparajit/miniconda3/lib/python3.10/site-packages/wandb/apis/normalize.py", line 25, in wrapper
    return func(*args, **kwargs)
  File "/Users/aneeshaparajit/miniconda3/lib/python3.10/site-packages/wandb/sdk/internal/internal_api.py", line 1757, in upload_urls
    run_obj = query_result["model"]["bucket"]
TypeError: 'NoneType' object is not subscriptable

During handling of the above exception, another exception occurred:

Traceback (most recent call last):
  File "/Users/aneeshaparajit/miniconda3/lib/python3.10/concurrent/futures/thread.py", line 58, in run
    result = self.fn(*self.args, **self.kwargs)
  File "/Users/aneeshaparajit/miniconda3/lib/python3.10/site-packages/wandb/filesync/step_upload.py", line 234, in run_and_notify
    job.run()
  File "/Users/aneeshaparajit/miniconda3/lib/python3.10/site-packages/wandb/filesync/upload_job.py", line 62, in run
    self.push()
  File "/Users/aneeshaparajit/miniconda3/lib/python3.10/site-packages/wandb/filesync/upload_job.py", line 113, in push
    _, upload_headers, result = self._api.upload_urls(project, [self.save_name])
  File "/Users/aneeshaparajit/miniconda3/lib/python3.10/site-packages/wandb/apis/normalize.py", line 65, in wrapper
    raise CommError(message, err).with_traceback(sys.exc_info()[2])
  File "/Users/aneeshaparajit/miniconda3/lib/python3.10/site-packages/wandb/apis/normalize.py", line 25, in wrapper
    return func(*args, **kwargs)
  File "/Users/aneeshaparajit/miniconda3/lib/python3.10/site-packages/wandb/sdk/internal/internal_api.py", line 1757, in upload_urls
    run_obj = query_result["model"]["bucket"]
wandb.errors.CommError: 'NoneType' object is not subscriptable
2023-03-14 23:40:10,818 DEBUG   SenderThread:17676 [sender.py:send():336] send: history
2023-03-14 23:40:10,821 DEBUG   SenderThread:17676 [sender.py:send_request():363] send_request: summary_record
2023-03-14 23:40:10,821 INFO    SenderThread:17676 [sender.py:_save_file():1332] saving file wandb-summary.json with policy end
2023-03-14 23:40:10,822 DEBUG   SenderThread:17676 [sender.py:send():336] send: history
2023-03-14 23:40:10,822 DEBUG   SenderThread:17676 [sender.py:send_request():363] send_request: summary_record
2023-03-14 23:40:10,822 INFO    SenderThread:17676 [sender.py:_save_file():1332] saving file wandb-summary.json with policy end
2023-03-14 23:40:10,822 DEBUG   SenderThread:17676 [sender.py:send():336] send: history
2023-03-14 23:40:10,822 DEBUG   SenderThread:17676 [sender.py:send_request():363] send_request: summary_record
2023-03-14 23:40:10,823 INFO    SenderThread:17676 [sender.py:_save_file():1332] saving file wandb-summary.json with policy end
2023-03-14 23:40:10,823 DEBUG   SenderThread:17676 [sender.py:send():336] send: history
2023-03-14 23:40:10,823 DEBUG   SenderThread:17676 [sender.py:send_request():363] send_request: summary_record
2023-03-14 23:40:10,823 INFO    SenderThread:17676 [sender.py:_save_file():1332] saving file wandb-summary.json with policy end
2023-03-14 23:40:10,905 DEBUG   HandlerThread:17676 [handler.py:handle_request():144] handle_request: partial_history
2023-03-14 23:40:10,907 DEBUG   SenderThread:17676 [sender.py:send():336] send: history
2023-03-14 23:40:10,907 DEBUG   SenderThread:17676 [sender.py:send_request():363] send_request: summary_record
2023-03-14 23:40:10,907 INFO    SenderThread:17676 [sender.py:_save_file():1332] saving file wandb-summary.json with policy end
2023-03-14 23:40:11,000 DEBUG   HandlerThread:17676 [handler.py:handle_request():144] handle_request: partial_history
2023-03-14 23:40:11,001 DEBUG   SenderThread:17676 [sender.py:send():336] send: history
2023-03-14 23:40:11,001 DEBUG   SenderThread:17676 [sender.py:send_request():363] send_request: summary_record
2023-03-14 23:40:11,001 INFO    SenderThread:17676 [sender.py:_save_file():1332] saving file wandb-summary.json with policy end
2023-03-14 23:40:11,095 DEBUG   HandlerThread:17676 [handler.py:handle_request():144] handle_request: partial_history
2023-03-14 23:40:11,096 DEBUG   SenderThread:17676 [sender.py:send():336] send: history
2023-03-14 23:40:11,096 DEBUG   SenderThread:17676 [sender.py:send_request():363] send_request: summary_record
2023-03-14 23:40:11,097 INFO    SenderThread:17676 [sender.py:_save_file():1332] saving file wandb-summary.json with policy end
2023-03-14 23:40:11,189 DEBUG   HandlerThread:17676 [handler.py:handle_request():144] handle_request: partial_history
2023-03-14 23:40:11,190 DEBUG   SenderThread:17676 [sender.py:send():336] send: history
2023-03-14 23:40:11,191 DEBUG   SenderThread:17676 [sender.py:send_request():363] send_request: summary_record
2023-03-14 23:40:11,191 INFO    SenderThread:17676 [sender.py:_save_file():1332] saving file wandb-summary.json with policy end
2023-03-14 23:40:11,283 DEBUG   HandlerThread:17676 [handler.py:handle_request():144] handle_request: partial_history
2023-03-14 23:40:11,284 DEBUG   SenderThread:17676 [sender.py:send():336] send: history
2023-03-14 23:40:11,285 DEBUG   SenderThread:17676 [sender.py:send_request():363] send_request: summary_record
2023-03-14 23:40:11,285 INFO    SenderThread:17676 [sender.py:_save_file():1332] saving file wandb-summary.json with policy end
2023-03-14 23:40:11,303 INFO    Thread-13 :17676 [dir_watcher.py:_on_file_modified():295] file/dir modified: /Users/aneeshaparajit/Desktop/NASSCOM-TAIM/pix2pix_rnn/src/aqiai/notebooks/wandb/run-20230314_233958-0grl3n36/files/wandb-summary.json
2023-03-14 23:40:11,303 INFO    Thread-13 :17676 [dir_watcher.py:_on_file_created():278] file/dir created: /Users/aneeshaparajit/Desktop/NASSCOM-TAIM/pix2pix_rnn/src/aqiai/notebooks/wandb/run-20230314_233958-0grl3n36/files/output.log
2023-03-14 23:40:11,304 INFO    Thread-13 :17676 [dir_watcher.py:_on_file_created():278] file/dir created: /Users/aneeshaparajit/Desktop/NASSCOM-TAIM/pix2pix_rnn/src/aqiai/notebooks/wandb/run-20230314_233958-0grl3n36/files/wandb-metadata.json
2023-03-14 23:40:11,378 DEBUG   HandlerThread:17676 [handler.py:handle_request():144] handle_request: partial_history
2023-03-14 23:40:11,380 DEBUG   SenderThread:17676 [sender.py:send():336] send: history
2023-03-14 23:40:11,380 DEBUG   SenderThread:17676 [sender.py:send_request():363] send_request: summary_record
2023-03-14 23:40:11,381 INFO    SenderThread:17676 [sender.py:_save_file():1332] saving file wandb-summary.json with policy end
2023-03-14 23:40:11,469 DEBUG   HandlerThread:17676 [handler.py:handle_request():144] handle_request: partial_history
2023-03-14 23:40:11,470 DEBUG   SenderThread:17676 [sender.py:send():336] send: history
2023-03-14 23:40:11,470 DEBUG   SenderThread:17676 [sender.py:send_request():363] send_request: summary_record
2023-03-14 23:40:11,471 INFO    SenderThread:17676 [sender.py:_save_file():1332] saving file wandb-summary.json with policy end
2023-03-14 23:40:11,559 DEBUG   HandlerThread:17676 [handler.py:handle_request():144] handle_request: partial_history
2023-03-14 23:40:11,560 DEBUG   SenderThread:17676 [sender.py:send():336] send: history
2023-03-14 23:40:11,560 DEBUG   SenderThread:17676 [sender.py:send_request():363] send_request: summary_record
2023-03-14 23:40:11,560 INFO    SenderThread:17676 [sender.py:_save_file():1332] saving file wandb-summary.json with policy end
2023-03-14 23:40:11,658 DEBUG   HandlerThread:17676 [handler.py:handle_request():144] handle_request: partial_history
2023-03-14 23:40:11,659 DEBUG   SenderThread:17676 [sender.py:send():336] send: history
2023-03-14 23:40:11,659 DEBUG   SenderThread:17676 [sender.py:send_request():363] send_request: summary_record
2023-03-14 23:40:11,659 INFO    SenderThread:17676 [sender.py:_save_file():1332] saving file wandb-summary.json with policy end
2023-03-14 23:40:11,749 DEBUG   HandlerThread:17676 [handler.py:handle_request():144] handle_request: partial_history
2023-03-14 23:40:11,750 DEBUG   SenderThread:17676 [sender.py:send():336] send: history
2023-03-14 23:40:11,750 DEBUG   SenderThread:17676 [sender.py:send_request():363] send_request: summary_record
2023-03-14 23:40:11,750 INFO    SenderThread:17676 [sender.py:_save_file():1332] saving file wandb-summary.json with policy end
2023-03-14 23:40:11,839 DEBUG   HandlerThread:17676 [handler.py:handle_request():144] handle_request: partial_history
2023-03-14 23:40:11,840 DEBUG   SenderThread:17676 [sender.py:send():336] send: history
2023-03-14 23:40:11,840 DEBUG   SenderThread:17676 [sender.py:send_request():363] send_request: summary_record
2023-03-14 23:40:11,841 INFO    SenderThread:17676 [sender.py:_save_file():1332] saving file wandb-summary.json with policy end
2023-03-14 23:40:11,930 DEBUG   HandlerThread:17676 [handler.py:handle_request():144] handle_request: partial_history
2023-03-14 23:40:11,931 DEBUG   SenderThread:17676 [sender.py:send():336] send: history
2023-03-14 23:40:11,931 DEBUG   SenderThread:17676 [sender.py:send_request():363] send_request: summary_record
2023-03-14 23:40:11,932 INFO    SenderThread:17676 [sender.py:_save_file():1332] saving file wandb-summary.json with policy end
2023-03-14 23:40:12,020 DEBUG   HandlerThread:17676 [handler.py:handle_request():144] handle_request: partial_history
2023-03-14 23:40:12,021 DEBUG   SenderThread:17676 [sender.py:send():336] send: history
2023-03-14 23:40:12,021 DEBUG   SenderThread:17676 [sender.py:send_request():363] send_request: summary_record
2023-03-14 23:40:12,021 INFO    SenderThread:17676 [sender.py:_save_file():1332] saving file wandb-summary.json with policy end
2023-03-14 23:40:12,109 DEBUG   HandlerThread:17676 [handler.py:handle_request():144] handle_request: partial_history
2023-03-14 23:40:12,110 DEBUG   SenderThread:17676 [sender.py:send():336] send: history
2023-03-14 23:40:12,111 DEBUG   SenderThread:17676 [sender.py:send_request():363] send_request: summary_record
2023-03-14 23:40:12,111 INFO    SenderThread:17676 [sender.py:_save_file():1332] saving file wandb-summary.json with policy end
2023-03-14 23:40:12,197 DEBUG   HandlerThread:17676 [handler.py:handle_request():144] handle_request: partial_history
2023-03-14 23:40:12,198 DEBUG   SenderThread:17676 [sender.py:send():336] send: history
2023-03-14 23:40:12,199 DEBUG   SenderThread:17676 [sender.py:send_request():363] send_request: summary_record
2023-03-14 23:40:12,199 INFO    SenderThread:17676 [sender.py:_save_file():1332] saving file wandb-summary.json with policy end
2023-03-14 23:40:12,288 DEBUG   HandlerThread:17676 [handler.py:handle_request():144] handle_request: partial_history
2023-03-14 23:40:12,289 DEBUG   SenderThread:17676 [sender.py:send():336] send: history
2023-03-14 23:40:12,289 DEBUG   SenderThread:17676 [sender.py:send_request():363] send_request: summary_record
2023-03-14 23:40:12,289 INFO    SenderThread:17676 [sender.py:_save_file():1332] saving file wandb-summary.json with policy end
2023-03-14 23:40:12,308 INFO    Thread-13 :17676 [dir_watcher.py:_on_file_modified():295] file/dir modified: /Users/aneeshaparajit/Desktop/NASSCOM-TAIM/pix2pix_rnn/src/aqiai/notebooks/wandb/run-20230314_233958-0grl3n36/files/wandb-summary.json
2023-03-14 23:40:12,377 DEBUG   HandlerThread:17676 [handler.py:handle_request():144] handle_request: partial_history
2023-03-14 23:40:12,378 DEBUG   SenderThread:17676 [sender.py:send():336] send: history
2023-03-14 23:40:12,378 DEBUG   SenderThread:17676 [sender.py:send_request():363] send_request: summary_record
2023-03-14 23:40:12,378 INFO    SenderThread:17676 [sender.py:_save_file():1332] saving file wandb-summary.json with policy end
2023-03-14 23:40:12,467 DEBUG   HandlerThread:17676 [handler.py:handle_request():144] handle_request: partial_history
2023-03-14 23:40:12,468 DEBUG   SenderThread:17676 [sender.py:send():336] send: history
2023-03-14 23:40:12,468 DEBUG   SenderThread:17676 [sender.py:send_request():363] send_request: summary_record
2023-03-14 23:40:12,468 INFO    SenderThread:17676 [sender.py:_save_file():1332] saving file wandb-summary.json with policy end
2023-03-14 23:40:12,573 DEBUG   HandlerThread:17676 [handler.py:handle_request():144] handle_request: partial_history
2023-03-14 23:40:12,573 DEBUG   SenderThread:17676 [sender.py:send():336] send: history
2023-03-14 23:40:12,574 DEBUG   SenderThread:17676 [sender.py:send_request():363] send_request: summary_record
2023-03-14 23:40:12,574 INFO    SenderThread:17676 [sender.py:_save_file():1332] saving file wandb-summary.json with policy end
2023-03-14 23:40:12,665 DEBUG   HandlerThread:17676 [handler.py:handle_request():144] handle_request: partial_history
2023-03-14 23:40:12,666 DEBUG   SenderThread:17676 [sender.py:send():336] send: history
2023-03-14 23:40:12,666 DEBUG   SenderThread:17676 [sender.py:send_request():363] send_request: summary_record
2023-03-14 23:40:12,666 INFO    SenderThread:17676 [sender.py:_save_file():1332] saving file wandb-summary.json with policy end
2023-03-14 23:40:12,753 DEBUG   HandlerThread:17676 [handler.py:handle_request():144] handle_request: partial_history
2023-03-14 23:40:12,754 DEBUG   SenderThread:17676 [sender.py:send():336] send: history
2023-03-14 23:40:12,754 DEBUG   SenderThread:17676 [sender.py:send_request():363] send_request: summary_record
2023-03-14 23:40:12,755 INFO    SenderThread:17676 [sender.py:_save_file():1332] saving file wandb-summary.json with policy end
2023-03-14 23:40:12,843 DEBUG   HandlerThread:17676 [handler.py:handle_request():144] handle_request: partial_history
2023-03-14 23:40:12,845 DEBUG   SenderThread:17676 [sender.py:send():336] send: history
2023-03-14 23:40:12,845 DEBUG   SenderThread:17676 [sender.py:send_request():363] send_request: summary_record
2023-03-14 23:40:12,846 INFO    SenderThread:17676 [sender.py:_save_file():1332] saving file wandb-summary.json with policy end
2023-03-14 23:40:12,934 DEBUG   HandlerThread:17676 [handler.py:handle_request():144] handle_request: partial_history
2023-03-14 23:40:12,935 DEBUG   SenderThread:17676 [sender.py:send():336] send: history
2023-03-14 23:40:12,935 DEBUG   SenderThread:17676 [sender.py:send_request():363] send_request: summary_record
2023-03-14 23:40:12,935 INFO    SenderThread:17676 [sender.py:_save_file():1332] saving file wandb-summary.json with policy end
2023-03-14 23:40:13,027 DEBUG   HandlerThread:17676 [handler.py:handle_request():144] handle_request: partial_history
2023-03-14 23:40:13,028 DEBUG   SenderThread:17676 [sender.py:send():336] send: history
2023-03-14 23:40:13,028 DEBUG   SenderThread:17676 [sender.py:send_request():363] send_request: summary_record
2023-03-14 23:40:13,028 INFO    SenderThread:17676 [sender.py:_save_file():1332] saving file wandb-summary.json with policy end
2023-03-14 23:40:13,115 DEBUG   HandlerThread:17676 [handler.py:handle_request():144] handle_request: partial_history
2023-03-14 23:40:13,115 DEBUG   SenderThread:17676 [sender.py:send():336] send: history
2023-03-14 23:40:13,116 DEBUG   SenderThread:17676 [sender.py:send_request():363] send_request: summary_record
2023-03-14 23:40:13,116 INFO    SenderThread:17676 [sender.py:_save_file():1332] saving file wandb-summary.json with policy end
2023-03-14 23:40:13,203 DEBUG   HandlerThread:17676 [handler.py:handle_request():144] handle_request: partial_history
2023-03-14 23:40:13,204 DEBUG   SenderThread:17676 [sender.py:send():336] send: history
2023-03-14 23:40:13,204 DEBUG   SenderThread:17676 [sender.py:send_request():363] send_request: summary_record
2023-03-14 23:40:13,204 INFO    SenderThread:17676 [sender.py:_save_file():1332] saving file wandb-summary.json with policy end
2023-03-14 23:40:13,293 DEBUG   HandlerThread:17676 [handler.py:handle_request():144] handle_request: partial_history
2023-03-14 23:40:13,294 DEBUG   SenderThread:17676 [sender.py:send():336] send: history
2023-03-14 23:40:13,295 DEBUG   SenderThread:17676 [sender.py:send_request():363] send_request: summary_record
2023-03-14 23:40:13,295 INFO    SenderThread:17676 [sender.py:_save_file():1332] saving file wandb-summary.json with policy end
2023-03-14 23:40:13,314 INFO    Thread-13 :17676 [dir_watcher.py:_on_file_modified():295] file/dir modified: /Users/aneeshaparajit/Desktop/NASSCOM-TAIM/pix2pix_rnn/src/aqiai/notebooks/wandb/run-20230314_233958-0grl3n36/files/output.log
2023-03-14 23:40:13,314 INFO    Thread-13 :17676 [dir_watcher.py:_on_file_modified():295] file/dir modified: /Users/aneeshaparajit/Desktop/NASSCOM-TAIM/pix2pix_rnn/src/aqiai/notebooks/wandb/run-20230314_233958-0grl3n36/files/wandb-summary.json
2023-03-14 23:40:13,382 DEBUG   HandlerThread:17676 [handler.py:handle_request():144] handle_request: partial_history
2023-03-14 23:40:13,383 DEBUG   SenderThread:17676 [sender.py:send():336] send: history
2023-03-14 23:40:13,383 DEBUG   SenderThread:17676 [sender.py:send_request():363] send_request: summary_record
2023-03-14 23:40:13,383 INFO    SenderThread:17676 [sender.py:_save_file():1332] saving file wandb-summary.json with policy end
2023-03-14 23:40:14,012 DEBUG   HandlerThread:17676 [handler.py:handle_request():144] handle_request: status_report
2023-03-14 23:40:14,013 DEBUG   HandlerThread:17676 [handler.py:handle_request():144] handle_request: pause
2023-03-14 23:40:14,013 INFO    HandlerThread:17676 [handler.py:handle_request_pause():716] stopping system metrics thread or process
2023-03-14 23:40:14,013 INFO    HandlerThread:17676 [system_monitor.py:finish():193] Stopping system monitor
2023-03-14 23:40:14,036 DEBUG   SystemMonitor:17676 [system_monitor.py:_start():161] Starting system metrics aggregation loop
2023-03-14 23:40:14,036 DEBUG   SystemMonitor:17676 [system_monitor.py:_start():168] Finished system metrics aggregation loop
2023-03-14 23:40:14,036 DEBUG   SystemMonitor:17676 [system_monitor.py:_start():172] Publishing last batch of metrics
2023-03-14 23:40:14,037 INFO    HandlerThread:17676 [interfaces.py:finish():199] Joined cpu monitor
2023-03-14 23:40:14,037 INFO    HandlerThread:17676 [interfaces.py:finish():199] Joined disk monitor
2023-03-14 23:40:14,037 INFO    HandlerThread:17676 [interfaces.py:finish():199] Joined gpuapple monitor
2023-03-14 23:40:14,037 INFO    HandlerThread:17676 [interfaces.py:finish():199] Joined memory monitor
2023-03-14 23:40:14,037 INFO    HandlerThread:17676 [interfaces.py:finish():199] Joined network monitor
2023-03-14 23:40:14,038 DEBUG   SenderThread:17676 [sender.py:send():336] send: telemetry
2023-03-14 23:40:14,038 DEBUG   SenderThread:17676 [sender.py:send():336] send: stats
2023-03-14 23:40:14,320 INFO    Thread-13 :17676 [dir_watcher.py:_on_file_modified():295] file/dir modified: /Users/aneeshaparajit/Desktop/NASSCOM-TAIM/pix2pix_rnn/src/aqiai/notebooks/wandb/run-20230314_233958-0grl3n36/files/wandb-summary.json
2023-03-14 23:40:15,323 INFO    Thread-13 :17676 [dir_watcher.py:_on_file_modified():295] file/dir modified: /Users/aneeshaparajit/Desktop/NASSCOM-TAIM/pix2pix_rnn/src/aqiai/notebooks/wandb/run-20230314_233958-0grl3n36/files/output.log
2023-03-14 23:40:19,144 ERROR   FileStreamThread:17676 [file_stream.py:_thread_except_body():496] generic exception in filestream thread
Traceback (most recent call last):
  File "/Users/aneeshaparajit/miniconda3/lib/python3.10/site-packages/wandb/sdk/internal/file_stream.py", line 492, in _thread_except_body
    self._thread_body()
  File "/Users/aneeshaparajit/miniconda3/lib/python3.10/site-packages/wandb/sdk/internal/file_stream.py", line 448, in _thread_body
    success = self._send(ready_chunks, uploaded=uploaded)
  File "/Users/aneeshaparajit/miniconda3/lib/python3.10/site-packages/wandb/sdk/internal/file_stream.py", line 537, in _send
    self._handle_response(
  File "/Users/aneeshaparajit/miniconda3/lib/python3.10/site-packages/wandb/sdk/internal/file_stream.py", line 503, in _handle_response
    wandb.termerror(
  File "/Users/aneeshaparajit/miniconda3/lib/python3.10/site-packages/wandb/errors/term.py", line 61, in termerror
    _log(
  File "/Users/aneeshaparajit/miniconda3/lib/python3.10/site-packages/wandb/errors/term.py", line 95, in _log
    click.echo(line, file=sys.stderr, nl=newline)
  File "/Users/aneeshaparajit/miniconda3/lib/python3.10/site-packages/click/utils.py", line 299, in echo
    file.write(out)  # type: ignore
BrokenPipeError: [Errno 32] Broken pipe
2023-03-14 23:40:19,170 DEBUG   HandlerThread:17676 [handler.py:handle_request():144] handle_request: status_report
2023-03-14 23:40:19,343 INFO    Thread-13 :17676 [dir_watcher.py:_on_file_modified():295] file/dir modified: /Users/aneeshaparajit/Desktop/NASSCOM-TAIM/pix2pix_rnn/src/aqiai/notebooks/wandb/run-20230314_233958-0grl3n36/files/output.log
2023-03-14 23:40:21,696 INFO    MainThread:17676 [internal.py:handle_exit():77] Internal process exited
